<?xml version="1.0" encoding="UTF-8"?>
<!-- Generated by org.testng.reporters.JUnitXMLReporter -->
<testsuite hostname="mathuja.local" name="Test-UserGroup test Alfresco" tests="3" failures="0" timestamp="6 Jun 2016 12:42:23 GMT" time="63.296" errors="0">
  <testcase name="@BeforeMethod beforemethod" time="0.0" classname="com.zaizi.automation.alfresco.testScripts.UserGroupTest_FF">
    <failure type="org.openqa.selenium.WebDriverException" message="Unable to connect to host 127.0.0.1 on port 7055 after 45000 ms. Firefox console output:

Command duration or timeout: 59.65 seconds
Build info: version: &amp;apos;2.53.0&amp;apos;, revision: &amp;apos;35ae25b1534ae328c771e0856c93e187490ca824&amp;apos;, time: &amp;apos;2016-03-15 10:43:46&amp;apos;
System info: host: &amp;apos;mathuja.local&amp;apos;, ip: &amp;apos;192.168.1.70&amp;apos;, os.name: &amp;apos;Mac OS X&amp;apos;, os.arch: &amp;apos;x86_64&amp;apos;, os.version: &amp;apos;10.11.4&amp;apos;, java.version: &amp;apos;1.8.0_51&amp;apos;
Driver info: org.openqa.selenium.remote.RemoteWebDriver">
      <![CDATA[org.openqa.selenium.WebDriverException: Unable to connect to host 127.0.0.1 on port 7055 after 45000 ms. Firefox console output:

Command duration or timeout: 59.65 seconds
Build info: version: '2.53.0', revision: '35ae25b1534ae328c771e0856c93e187490ca824', time: '2016-03-15 10:43:46'
System info: host: 'mathuja.local', ip: '192.168.1.70', os.name: 'Mac OS X', os.arch: 'x86_64', os.version: '10.11.4', java.version: '1.8.0_51'
Driver info: org.openqa.selenium.remote.RemoteWebDriver
	at org.openqa.selenium.remote.ErrorHandler.createThrowable(ErrorHandler.java:206)
	at org.openqa.selenium.remote.ErrorHandler.throwIfResponseFailed(ErrorHandler.java:158)
	at org.openqa.selenium.remote.RemoteWebDriver.execute(RemoteWebDriver.java:678)
	at org.openqa.selenium.remote.RemoteWebDriver.startSession(RemoteWebDriver.java:249)
	at org.openqa.selenium.remote.RemoteWebDriver.<init>(RemoteWebDriver.java:131)
	at org.openqa.selenium.remote.RemoteWebDriver.<init>(RemoteWebDriver.java:158)
	at com.zaizi.automation.alfresco.core.info.TestCaseProperties.gridDriver(TestCaseProperties.java:318)
	at com.zaizi.automation.alfresco.core.info.TestCaseProperties.driverType(TestCaseProperties.java:377)
	at com.zaizi.automation.alfresco.testScripts.UserGroupTest_FF.beforemethod(UserGroupTest_FF.java:94)
	at java.util.concurrent.ThreadPoolExecutor.runWorker(ThreadPoolExecutor.java:1142)
	at java.util.concurrent.ThreadPoolExecutor$Worker.run(ThreadPoolExecutor.java:617)
	at java.lang.Thread.run(Thread.java:745)
Caused by: org.openqa.selenium.remote.ErrorHandler$UnknownServerException: Unable to connect to host 127.0.0.1 on port 7055 after 45000 ms. Firefox console output:

Build info: version: '2.53.0', revision: '35ae25b1534ae328c771e0856c93e187490ca824', time: '2016-03-15 10:43:46'
System info: host: 'mathuja.local', ip: '192.168.1.70', os.name: 'Mac OS X', os.arch: 'x86_64', os.version: '10.11.4', java.version: '1.8.0_51'
Driver info: driver.version: FirefoxDriver
	at org.openqa.selenium.firefox.internal.NewProfileExtensionConnection.start(NewProfileExtensionConnection.java:112)
	at org.openqa.selenium.firefox.FirefoxDriver.startClient(FirefoxDriver.java:271)
	at org.openqa.selenium.remote.RemoteWebDriver.<init>(RemoteWebDriver.java:119)
	at org.openqa.selenium.firefox.FirefoxDriver.<init>(FirefoxDriver.java:218)
	at org.openqa.selenium.firefox.FirefoxDriver.<init>(FirefoxDriver.java:211)
	at org.openqa.selenium.firefox.FirefoxDriver.<init>(FirefoxDriver.java:129)
	at org.openqa.selenium.remote.server.FirefoxDriverProvider.callConstructor(FirefoxDriverProvider.java:91)
	at org.openqa.selenium.remote.server.FirefoxDriverProvider.newInstance(FirefoxDriverProvider.java:68)
	at org.openqa.selenium.remote.server.DefaultDriverFactory.newInstance(DefaultDriverFactory.java:60)
	at org.openqa.selenium.remote.server.DefaultSession$BrowserCreator.call(DefaultSession.java:222)
	at org.openqa.selenium.remote.server.DefaultSession$BrowserCreator.call(DefaultSession.java:1)
	at java.util.concurrent.FutureTask.run(Unknown Source)
	at org.openqa.selenium.remote.server.DefaultSession$1.run(DefaultSession.java:176)
	at java.util.concurrent.ThreadPoolExecutor.runWorker(Unknown Source)
	at java.util.concurrent.ThreadPoolExecutor$Worker.run(Unknown Source)
	at java.lang.Thread.run(Unknown Source)
... Removed 20 stack frames]]>
    </failure>
  </testcase> <!-- @BeforeMethod beforemethod -->
  <testcase name="@AfterMethod close" time="0.0" classname="com.zaizi.automation.alfresco.testScripts.UserGroupTest_FF">
    <skipped/>
  </testcase> <!-- @AfterMethod close -->
  <testcase name="@BeforeMethod beforemethod" time="0.0" classname="com.zaizi.automation.alfresco.testScripts.UserGroupTest_FF">
    <skipped/>
  </testcase> <!-- @BeforeMethod beforemethod -->
  <testcase name="@AfterMethod close" time="0.0" classname="com.zaizi.automation.alfresco.testScripts.UserGroupTest_FF">
    <skipped/>
  </testcase> <!-- @AfterMethod close -->
  <testcase name="@BeforeMethod beforemethod" time="0.0" classname="com.zaizi.automation.alfresco.testScripts.UserGroupTest_FF">
    <skipped/>
  </testcase> <!-- @BeforeMethod beforemethod -->
  <testcase name="@AfterMethod close" time="0.0" classname="com.zaizi.automation.alfresco.testScripts.UserGroupTest_FF">
    <skipped/>
  </testcase> <!-- @AfterMethod close -->
  <testcase name="@AfterTest extent" time="0.0" classname="com.zaizi.automation.alfresco.testScripts.UserGroupTest_FF">
    <failure type="java.lang.NullPointerException">
      <![CDATA[java.lang.NullPointerException
	at com.relevantcodes.extentreports.Report.terminate(Report.java:417)
	at com.relevantcodes.extentreports.ExtentReports.close(ExtentReports.java:919)
	at com.zaizi.automation.alfresco.testScripts.UserGroupTest_FF.extent(UserGroupTest_FF.java:532)
	at org.apache.maven.surefire.testng.TestNGExecutor.run(TestNGExecutor.java:177)
	at org.apache.maven.surefire.testng.TestNGXmlTestSuite.execute(TestNGXmlTestSuite.java:92)
	at org.apache.maven.surefire.testng.TestNGProvider.invoke(TestNGProvider.java:105)
	at org.apache.maven.surefire.util.ReflectionUtils.invokeMethodWithArray(ReflectionUtils.java:189)
	at org.apache.maven.surefire.booter.ProviderFactory$ProviderProxy.invoke(ProviderFactory.java:165)
	at org.apache.maven.surefire.booter.ProviderFactory.invokeProvider(ProviderFactory.java:85)
	at org.apache.maven.surefire.booter.ForkedBooter.runSuitesInProcess(ForkedBooter.java:103)
	at org.apache.maven.surefire.booter.ForkedBooter.main(ForkedBooter.java:74)
... Removed 23 stack frames]]>
    </failure>
  </testcase> <!-- @AfterTest extent -->
  <testcase name="createGroup" time="0.002" classname="com.zaizi.automation.alfresco.testScripts.UserGroupTest_FF">
    <skipped/>
  </testcase> <!-- createGroup -->
  <testcase name="EditGroup" time="0.0" classname="com.zaizi.automation.alfresco.testScripts.UserGroupTest_FF">
    <skipped/>
  </testcase> <!-- EditGroup -->
  <testcase name="removeGroup" time="0.004" classname="com.zaizi.automation.alfresco.testScripts.UserGroupTest_FF">
    <skipped/>
  </testcase> <!-- removeGroup -->
</testsuite> <!-- Test-UserGroup test Alfresco -->
