<?xml version="1.0" encoding="UTF-8"?>
<!-- Generated by org.testng.reporters.JUnitXMLReporter -->
<testsuite hostname="mathuja.local" name="Test-Document Library Test Alfresco" tests="3" failures="0" timestamp="2 Jun 2016 10:32:26 GMT" time="485.027" errors="0">
  <testcase name="managePermission" time="202.384" classname="com.zaizi.automation.alfresco.testScripts.DocumentLibraryTest_Chrome"/>
  <testcase name="deleteDocument" time="119.799" classname="com.zaizi.automation.alfresco.testScripts.DocumentLibraryTest_Chrome"/>
  <testcase name="deleteSite" time="130.736" classname="com.zaizi.automation.alfresco.testScripts.DocumentLibraryTest_Chrome"/>
</testsuite> <!-- Test-Document Library Test Alfresco -->
