<?xml version="1.0" encoding="UTF-8"?>
<!-- Generated by org.testng.reporters.JUnitXMLReporter -->
<testsuite hostname="Rashad" name="Test-Login Alfresco" tests="3" failures="0" timestamp="8 Jun 2016 11:53:02 GMT" time="134.0" errors="0">
  <testcase name="createUser" time="49.314" classname="com.zaizi.automation.alfresco.testScripts.LoginTest_Chrome"/>
  <testcase name="loginANDlogout" time="21.118" classname="com.zaizi.automation.alfresco.testScripts.LoginTest_Chrome"/>
  <testcase name="deleteUser" time="58.293" classname="com.zaizi.automation.alfresco.testScripts.LoginTest_Chrome"/>
</testsuite> <!-- Test-Login Alfresco -->
