<?xml version="1.0" encoding="UTF-8"?>
<!-- Generated by org.testng.reporters.JUnitXMLReporter -->
<testsuite hostname="Rashad" name="Test-Login Alfresco" tests="3" failures="0" timestamp="8 Jun 2016 11:59:37 GMT" time="133.319" errors="0">
  <testcase name="createUser" time="48.635" classname="com.zaizi.automation.alfresco.testScripts.LoginTest_Chrome"/>
  <testcase name="loginANDlogout" time="21.786" classname="com.zaizi.automation.alfresco.testScripts.LoginTest_Chrome"/>
  <testcase name="deleteUser" time="57.845" classname="com.zaizi.automation.alfresco.testScripts.LoginTest_Chrome"/>
</testsuite> <!-- Test-Login Alfresco -->
