<?xml version="1.0" encoding="UTF-8"?>
<!-- Generated by org.testng.reporters.JUnitXMLReporter -->
<testsuite hostname="mathuja.local" name="Test-Login Alfresco" tests="9" failures="0" timestamp="6 Jun 2016 10:50:35 GMT" time="321.082" errors="0">
  <testcase name="createUser" time="85.071" classname="com.zaizi.automation.alfresco.testScripts.LoginTest_FF"/>
  <testcase name="createUser" time="117.257" classname="com.zaizi.automation.alfresco.testScripts.LoginTest_IE"/>
  <testcase name="loginANDlogout" time="24.728" classname="com.zaizi.automation.alfresco.testScripts.LoginTest_FF"/>
  <testcase name="createUser" time="78.687" classname="com.zaizi.automation.alfresco.testScripts.LoginTest_Chrome"/>
  <testcase name="loginANDlogout" time="31.92" classname="com.zaizi.automation.alfresco.testScripts.LoginTest_IE"/>
  <testcase name="loginANDlogout" time="27.394" classname="com.zaizi.automation.alfresco.testScripts.LoginTest_Chrome"/>
  <testcase name="deleteUser" time="112.595" classname="com.zaizi.automation.alfresco.testScripts.LoginTest_FF"/>
  <testcase name="deleteUser" time="81.054" classname="com.zaizi.automation.alfresco.testScripts.LoginTest_Chrome"/>
  <testcase name="deleteUser" time="154.791" classname="com.zaizi.automation.alfresco.testScripts.LoginTest_IE"/>
</testsuite> <!-- Test-Login Alfresco -->
