<?xml version="1.0" encoding="UTF-8"?>
<!-- Generated by org.testng.reporters.JUnitXMLReporter -->
<testsuite hostname="mathuja.local" tests="0" failures="0" timestamp="6 Jun 2016 12:44:42 GMT" time="0.035" errors="0">
</testsuite>
