<?xml version="1.0" encoding="UTF-8"?>
<!-- Generated by org.testng.reporters.JUnitXMLReporter -->
<testsuite hostname="mathuja.local" name="Test-UserGroup test Alfresco" tests="4" failures="1" timestamp="7 Jun 2016 05:01:48 GMT" time="670.664" errors="0">
  <testcase name="createGroup" time="132.693" classname="com.zaizi.automation.alfresco.testScripts.UserGroupTest_FF"/>
  <testcase name="EditGroup" time="119.476" classname="com.zaizi.automation.alfresco.testScripts.UserGroupTest_FF"/>
  <testcase name="removeGroup" time="105.228" classname="com.zaizi.automation.alfresco.testScripts.UserGroupTest_FF">
    <failure type="org.openqa.selenium.TimeoutException" message="Timed out after 20 seconds waiting for element to be clickable: By.xpath: //div//span//span//button[contains(.,&amp;apos;Delete&amp;apos;)]
Build info: version: &amp;apos;2.53.0&amp;apos;, revision: &amp;apos;35ae25b1534ae328c771e0856c93e187490ca824&amp;apos;, time: &amp;apos;2016-03-15 10:43:46&amp;apos;
System info: host: &amp;apos;mathuja.local&amp;apos;, ip: &amp;apos;192.168.1.70&amp;apos;, os.name: &amp;apos;Mac OS X&amp;apos;, os.arch: &amp;apos;x86_64&amp;apos;, os.version: &amp;apos;10.11.4&amp;apos;, java.version: &amp;apos;1.8.0_51&amp;apos;
Driver info: org.openqa.selenium.remote.RemoteWebDriver
Capabilities [{applicationCacheEnabled=true, rotatable=false, handlesAlerts=true, databaseEnabled=true, version=46.0.1, platform=WINDOWS, nativeEvents=false, acceptSslCerts=true, webdriver.remote.sessionid=5e198e0d-2369-4e11-bad9-94bb579b1ed7, webStorageEnabled=true, locationContextEnabled=true, browserName=firefox, takesScreenshot=true, javascriptEnabled=true, cssSelectorsEnabled=true}]
Session ID: 5e198e0d-2369-4e11-bad9-94bb579b1ed7">
      <![CDATA[org.openqa.selenium.TimeoutException: Timed out after 20 seconds waiting for element to be clickable: By.xpath: //div//span//span//button[contains(.,'Delete')]
Build info: version: '2.53.0', revision: '35ae25b1534ae328c771e0856c93e187490ca824', time: '2016-03-15 10:43:46'
System info: host: 'mathuja.local', ip: '192.168.1.70', os.name: 'Mac OS X', os.arch: 'x86_64', os.version: '10.11.4', java.version: '1.8.0_51'
Driver info: org.openqa.selenium.remote.RemoteWebDriver
Capabilities [{applicationCacheEnabled=true, rotatable=false, handlesAlerts=true, databaseEnabled=true, version=46.0.1, platform=WINDOWS, nativeEvents=false, acceptSslCerts=true, webdriver.remote.sessionid=5e198e0d-2369-4e11-bad9-94bb579b1ed7, webStorageEnabled=true, locationContextEnabled=true, browserName=firefox, takesScreenshot=true, javascriptEnabled=true, cssSelectorsEnabled=true}]
Session ID: 5e198e0d-2369-4e11-bad9-94bb579b1ed7
	at org.openqa.selenium.support.ui.WebDriverWait.timeoutException(WebDriverWait.java:80)
	at org.openqa.selenium.support.ui.FluentWait.until(FluentWait.java:261)
	at com.zaizi.automation.alfresco.core.elements.Element.waitUntilElementClickable(Element.java:270)
	at com.zaizi.automation.alfresco.core.elements.Element.<init>(Element.java:60)
	at com.zaizi.automation.alfresco.core.elements.Button.<init>(Button.java:10)
	at com.zaizi.automation.alfresco.core.pages.AdminConsolePage.removeGroup(AdminConsolePage.java:2047)
	at com.zaizi.automation.alfresco.testScripts.UserGroupTest_FF.removeGroup(UserGroupTest_FF.java:419)
	at java.util.concurrent.ThreadPoolExecutor.runWorker(ThreadPoolExecutor.java:1142)
	at java.util.concurrent.ThreadPoolExecutor$Worker.run(ThreadPoolExecutor.java:617)
	at java.lang.Thread.run(Thread.java:745)
... Removed 10 stack frames]]>
    </failure>
  </testcase> <!-- removeGroup -->
  <testcase name="removeGroup" time="100.69" classname="com.zaizi.automation.alfresco.testScripts.UserGroupTest_FF"/>
</testsuite> <!-- Test-UserGroup test Alfresco -->
