<?xml version="1.0" encoding="UTF-8"?>
<!-- Generated by org.testng.reporters.JUnitReportReporter -->
<testsuite hostname="mathuja.local" name="com.zaizi.automation.alfresco.testScripts.FolderCreation_Chrome" tests="5" failures="1" timestamp="31 May 2016 12:39:12 GMT" time="379.253" errors="0">
  <testcase name="createUser" time="74.053" classname="com.zaizi.automation.alfresco.testScripts.FolderCreation_Chrome"/>
  <testcase name="folderCreation" time="92.222" classname="com.zaizi.automation.alfresco.testScripts.FolderCreation_Chrome"/>
  <testcase name="createSite" time="112.263" classname="com.zaizi.automation.alfresco.testScripts.FolderCreation_Chrome"/>
  <testcase name="deleteSite" time="1.406" classname="com.zaizi.automation.alfresco.testScripts.FolderCreation_Chrome">
    <failure type="org.openqa.selenium.WebDriverException" message="Error communicating with the remote browser. It may have died.
Build info: version: &#039;2.53.0&#039;, revision: &#039;35ae25b&#039;, time: &#039;2016-03-15 17:00:58&#039;
System info: host: &#039;mathuja.local&#039;, ip: &#039;192.168.1.70&#039;, os.name: &#039;Mac OS X&#039;, os.arch: &#039;x86_64&#039;, os.version: &#039;10.11.4&#039;, java.version: &#039;1.8.0_51&#039;
Driver info: driver.version: EventFiringWebDriver
Capabilities [{applicationCacheEnabled=true, rotatable=false, handlesAlerts=true, databaseEnabled=true, version=46.0.1, platform=MAC, nativeEvents=false, acceptSslCerts=true, webStorageEnabled=true, locationContextEnabled=true, browserName=firefox, takesScreenshot=true, javascriptEnabled=true, cssSelectorsEnabled=true}]
Session ID: 50a30100-c491-9d49-bd37-41a1f2a17106
Command duration or timeout: 1.40 seconds
Build info: version: &#039;2.53.0&#039;, revision: &#039;35ae25b1534ae328c771e0856c93e187490ca824&#039;, time: &#039;2016-03-15 10:43:46&#039;
System info: host: &#039;mathuja.local&#039;, ip: &#039;192.168.1.70&#039;, os.name: &#039;Mac OS X&#039;, os.arch: &#039;x86_64&#039;, os.version: &#039;10.11.4&#039;, java.version: &#039;1.8.0_51&#039;
Driver info: org.openqa.selenium.remote.RemoteWebDriver
Capabilities [{applicationCacheEnabled=true, rotatable=false, handlesAlerts=true, databaseEnabled=true, version=46.0.1, platform=MAC, nativeEvents=false, acceptSslCerts=true, webdriver.remote.sessionid=de99be9f-9ceb-4463-894e-d4dcd60063fe, webStorageEnabled=true, locationContextEnabled=true, browserName=firefox, takesScreenshot=true, javascriptEnabled=true, cssSelectorsEnabled=true}]
Session ID: de99be9f-9ceb-4463-894e-d4dcd60063fe">
      <![CDATA[org.openqa.selenium.WebDriverException: Error communicating with the remote browser. It may have died.
Build info: version: '2.53.0', revision: '35ae25b', time: '2016-03-15 17:00:58'
System info: host: 'mathuja.local', ip: '192.168.1.70', os.name: 'Mac OS X', os.arch: 'x86_64', os.version: '10.11.4', java.version: '1.8.0_51'
Driver info: driver.version: EventFiringWebDriver
Capabilities [{applicationCacheEnabled=true, rotatable=false, handlesAlerts=true, databaseEnabled=true, version=46.0.1, platform=MAC, nativeEvents=false, acceptSslCerts=true, webStorageEnabled=true, locationContextEnabled=true, browserName=firefox, takesScreenshot=true, javascriptEnabled=true, cssSelectorsEnabled=true}]
Session ID: 50a30100-c491-9d49-bd37-41a1f2a17106
Command duration or timeout: 1.40 seconds
Build info: version: '2.53.0', revision: '35ae25b1534ae328c771e0856c93e187490ca824', time: '2016-03-15 10:43:46'
System info: host: 'mathuja.local', ip: '192.168.1.70', os.name: 'Mac OS X', os.arch: 'x86_64', os.version: '10.11.4', java.version: '1.8.0_51'
Driver info: org.openqa.selenium.remote.RemoteWebDriver
Capabilities [{applicationCacheEnabled=true, rotatable=false, handlesAlerts=true, databaseEnabled=true, version=46.0.1, platform=MAC, nativeEvents=false, acceptSslCerts=true, webdriver.remote.sessionid=de99be9f-9ceb-4463-894e-d4dcd60063fe, webStorageEnabled=true, locationContextEnabled=true, browserName=firefox, takesScreenshot=true, javascriptEnabled=true, cssSelectorsEnabled=true}]
Session ID: de99be9f-9ceb-4463-894e-d4dcd60063fe
	at sun.reflect.NativeConstructorAccessorImpl.newInstance0(Native Method)
	at sun.reflect.NativeConstructorAccessorImpl.newInstance(NativeConstructorAccessorImpl.java:62)
	at sun.reflect.DelegatingConstructorAccessorImpl.newInstance(DelegatingConstructorAccessorImpl.java:45)
	at java.lang.reflect.Constructor.newInstance(Constructor.java:422)
	at org.openqa.selenium.remote.ErrorHandler.createThrowable(ErrorHandler.java:206)
	at org.openqa.selenium.remote.ErrorHandler.throwIfResponseFailed(ErrorHandler.java:158)
	at org.openqa.selenium.remote.RemoteWebDriver.execute(RemoteWebDriver.java:678)
	at org.openqa.selenium.remote.RemoteWebDriver.execute(RemoteWebDriver.java:701)
	at org.openqa.selenium.remote.RemoteWebDriver.close(RemoteWebDriver.java:521)
	at com.zaizi.automation.alfresco.core.info.TestCaseProperties.closeDriver(TestCaseProperties.java:390)
	at com.zaizi.automation.alfresco.core.info.TestCaseProperties.driverType(TestCaseProperties.java:374)
	at com.zaizi.automation.alfresco.testScripts.FolderCreation_Chrome.deleteSite(FolderCreation_Chrome.java:1042)
	at sun.reflect.NativeMethodAccessorImpl.invoke0(Native Method)
	at sun.reflect.NativeMethodAccessorImpl.invoke(NativeMethodAccessorImpl.java:62)
	at sun.reflect.DelegatingMethodAccessorImpl.invoke(DelegatingMethodAccessorImpl.java:43)
	at java.lang.reflect.Method.invoke(Method.java:497)
	at org.testng.internal.MethodInvocationHelper.invokeMethod(MethodInvocationHelper.java:80)
	at org.testng.internal.Invoker.invokeMethod(Invoker.java:714)
	at org.testng.internal.Invoker.retryFailed(Invoker.java:1049)
	at org.testng.internal.Invoker.invokeTestMethods(Invoker.java:1254)
	at org.testng.internal.TestMethodWorker.invokeTestMethods(TestMethodWorker.java:127)
	at org.testng.internal.TestMethodWorker.run(TestMethodWorker.java:111)
	at java.util.concurrent.ThreadPoolExecutor.runWorker(ThreadPoolExecutor.java:1142)
	at java.util.concurrent.ThreadPoolExecutor$Worker.run(ThreadPoolExecutor.java:617)
	at java.lang.Thread.run(Thread.java:745)
Caused by: org.openqa.selenium.remote.UnreachableBrowserException: Error communicating with the remote browser. It may have died.
Build info: version: '2.53.0', revision: '35ae25b', time: '2016-03-15 17:00:58'
System info: host: 'mathuja.local', ip: '192.168.1.70', os.name: 'Mac OS X', os.arch: 'x86_64', os.version: '10.11.4', java.version: '1.8.0_51'
Driver info: driver.version: EventFiringWebDriver
Capabilities [{applicationCacheEnabled=true, rotatable=false, handlesAlerts=true, databaseEnabled=true, version=46.0.1, platform=MAC, nativeEvents=false, acceptSslCerts=true, webStorageEnabled=true, locationContextEnabled=true, browserName=firefox, takesScreenshot=true, javascriptEnabled=true, cssSelectorsEnabled=true}]
Session ID: 50a30100-c491-9d49-bd37-41a1f2a17106
Build info: version: '2.53.0', revision: '35ae25b1534ae328c771e0856c93e187490ca824', time: '2016-03-15 10:43:46'
System info: host: 'mathuja.local', ip: '192.168.1.70', os.name: 'Mac OS X', os.arch: 'x86_64', os.version: '10.11.4', java.version: '1.8.0_51'
Driver info: driver.version: unknown
]]>
    </failure>
  </testcase> <!-- deleteSite -->
  <testcase name="deleteFolder" time="99.309" classname="com.zaizi.automation.alfresco.testScripts.FolderCreation_Chrome"/>
</testsuite> <!-- com.zaizi.automation.alfresco.testScripts.FolderCreation_Chrome -->
