<?xml version="1.0" encoding="UTF-8"?>
<!-- Generated by org.testng.reporters.JUnitReportReporter -->
<testsuite hostname="mathuja.local" name="com.zaizi.automation.alfresco.testScripts.UserTest_IE" tests="3" failures="0" timestamp="6 Jun 2016 11:32:54 GMT" time="355.724" errors="0">
  <testcase name="deleteUser" time="143.693" classname="com.zaizi.automation.alfresco.testScripts.UserTest_IE"/>
  <testcase name="createUser" time="146.818" classname="com.zaizi.automation.alfresco.testScripts.UserTest_IE"/>
  <testcase name="EditUser" time="65.213" classname="com.zaizi.automation.alfresco.testScripts.UserTest_IE"/>
</testsuite> <!-- com.zaizi.automation.alfresco.testScripts.UserTest_IE -->
