<?xml version="1.0" encoding="UTF-8"?>
<!-- Generated by org.testng.reporters.JUnitReportReporter -->
<testsuite hostname="mathuja.local" name="com.zaizi.automation.alfresco.testScripts.SiteTest_FF" tests="4" failures="0" timestamp="8 Jun 2016 12:46:19 GMT" time="318.009" errors="0">
  <testcase name="createSite" time="64.028" classname="com.zaizi.automation.alfresco.testScripts.SiteTest_FF"/>
  <testcase name="editSite" time="75.335" classname="com.zaizi.automation.alfresco.testScripts.SiteTest_FF"/>
  <testcase name="deleteSite" time="113.907" classname="com.zaizi.automation.alfresco.testScripts.SiteTest_FF"/>
  <testcase name="createUser" time="64.739" classname="com.zaizi.automation.alfresco.testScripts.SiteTest_FF"/>
</testsuite> <!-- com.zaizi.automation.alfresco.testScripts.SiteTest_FF -->
