<?xml version="1.0" encoding="UTF-8"?>
<!-- Generated by org.testng.reporters.JUnitReportReporter -->
<testsuite hostname="mathuja.local" name="com.zaizi.automation.alfresco.testScripts.LoginTest_IE" tests="3" failures="0" timestamp="6 Jun 2016 10:41:08 GMT" time="264.701" errors="0">
  <testcase name="loginANDlogout" time="32.499" classname="com.zaizi.automation.alfresco.testScripts.LoginTest_IE"/>
  <testcase name="deleteUser" time="140.638" classname="com.zaizi.automation.alfresco.testScripts.LoginTest_IE"/>
  <testcase name="createUser" time="91.564" classname="com.zaizi.automation.alfresco.testScripts.LoginTest_IE"/>
</testsuite> <!-- com.zaizi.automation.alfresco.testScripts.LoginTest_IE -->
