<?xml version="1.0" encoding="UTF-8"?>
<!-- Generated by org.testng.reporters.JUnitReportReporter -->
<testsuite hostname="mathuja.local" name="com.zaizi.automation.alfresco.testScripts.UserGroupTest_FF" tests="3" failures="0" timestamp="7 Jun 2016 05:03:34 GMT" time="500.059" errors="0">
  <testcase name="removeGroup" time="130.955" classname="com.zaizi.automation.alfresco.testScripts.UserGroupTest_FF"/>
  <testcase name="createGroup" time="224.307" classname="com.zaizi.automation.alfresco.testScripts.UserGroupTest_FF"/>
  <testcase name="EditGroup" time="144.797" classname="com.zaizi.automation.alfresco.testScripts.UserGroupTest_FF"/>
</testsuite> <!-- com.zaizi.automation.alfresco.testScripts.UserGroupTest_FF -->
