<?xml version="1.0" encoding="UTF-8"?>
<!-- Generated by org.testng.reporters.JUnitReportReporter -->
<testsuite hostname="mathuja.local" name="com.zaizi.automation.alfresco.testScripts.SiteTest_IE" tests="4" failures="0" timestamp="6 Jun 2016 11:08:47 GMT" time="396.628" errors="0">
  <testcase name="createSite" time="89.258" classname="com.zaizi.automation.alfresco.testScripts.SiteTest_IE"/>
  <testcase name="createUser" time="89.987" classname="com.zaizi.automation.alfresco.testScripts.SiteTest_IE"/>
  <testcase name="editSite" time="92.097" classname="com.zaizi.automation.alfresco.testScripts.SiteTest_IE"/>
  <testcase name="deleteSite" time="125.286" classname="com.zaizi.automation.alfresco.testScripts.SiteTest_IE"/>
</testsuite> <!-- com.zaizi.automation.alfresco.testScripts.SiteTest_IE -->
