<?xml version="1.0" encoding="UTF-8"?>
<!-- Generated by org.testng.reporters.JUnitReportReporter -->
<testsuite hostname="mathuja.local" name="com.zaizi.automation.alfresco.testScripts.LoginTest_Chrome" tests="3" failures="0" timestamp="6 Jun 2016 10:41:08 GMT" time="278.511" errors="0">
  <testcase name="deleteUser" time="55.129" classname="com.zaizi.automation.alfresco.testScripts.LoginTest_Chrome"/>
  <testcase name="createUser" time="104.140" classname="com.zaizi.automation.alfresco.testScripts.LoginTest_Chrome"/>
  <testcase name="loginANDlogout" time="119.242" classname="com.zaizi.automation.alfresco.testScripts.LoginTest_Chrome"/>
</testsuite> <!-- com.zaizi.automation.alfresco.testScripts.LoginTest_Chrome -->
