<?xml version="1.0" encoding="UTF-8"?>
<!-- Generated by org.testng.reporters.JUnitReportReporter -->
<testsuite hostname="mathuja.local" name="com.zaizi.automation.alfresco.testScripts.LoginTest_FF" tests="3" failures="0" timestamp="6 Jun 2016 10:41:08 GMT" time="320.486" errors="0">
  <testcase name="deleteUser" time="148.176" classname="com.zaizi.automation.alfresco.testScripts.LoginTest_FF"/>
  <testcase name="loginANDlogout" time="30.965" classname="com.zaizi.automation.alfresco.testScripts.LoginTest_FF"/>
  <testcase name="createUser" time="141.345" classname="com.zaizi.automation.alfresco.testScripts.LoginTest_FF"/>
</testsuite> <!-- com.zaizi.automation.alfresco.testScripts.LoginTest_FF -->
