<?xml version="1.0" encoding="UTF-8"?>
<!-- Generated by org.testng.reporters.JUnitReportReporter -->
<testsuite hostname="Rashad" name="com.zaizi.automation.alfresco.testScripts.LoginTest_Chrome" tests="3" failures="0" timestamp="8 Jun 2016 11:59:55 GMT" time="133.271" errors="0">
  <testcase name="createUser" time="50.177" classname="com.zaizi.automation.alfresco.testScripts.LoginTest_Chrome"/>
  <testcase name="deleteUser" time="59.787" classname="com.zaizi.automation.alfresco.testScripts.LoginTest_Chrome"/>
  <testcase name="loginANDlogout" time="23.307" classname="com.zaizi.automation.alfresco.testScripts.LoginTest_Chrome"/>
</testsuite> <!-- com.zaizi.automation.alfresco.testScripts.LoginTest_Chrome -->
