<?xml version="1.0" encoding="UTF-8"?>
<!-- Generated by org.testng.reporters.JUnitReportReporter -->
<testsuite hostname="mathuja.local" name="com.zaizi.automation.alfresco.testScripts.SiteTest_FF" tests="4" failures="0" timestamp="6 Jun 2016 11:08:47 GMT" time="402.467" errors="0">
  <testcase name="editSite" time="93.082" classname="com.zaizi.automation.alfresco.testScripts.SiteTest_FF"/>
  <testcase name="createSite" time="83.369" classname="com.zaizi.automation.alfresco.testScripts.SiteTest_FF"/>
  <testcase name="deleteSite" time="142.053" classname="com.zaizi.automation.alfresco.testScripts.SiteTest_FF"/>
  <testcase name="createUser" time="83.963" classname="com.zaizi.automation.alfresco.testScripts.SiteTest_FF"/>
</testsuite> <!-- com.zaizi.automation.alfresco.testScripts.SiteTest_FF -->
