<?xml version="1.0" encoding="UTF-8"?>
<!-- Generated by org.testng.reporters.JUnitReportReporter -->
<testsuite hostname="Rashad" name="com.zaizi.automation.alfresco.testScripts.LoginTest_Chrome" tests="3" failures="0" timestamp="8 Jun 2016 11:53:21 GMT" time="133.955" errors="0">
  <testcase name="deleteUser" time="59.883" classname="com.zaizi.automation.alfresco.testScripts.LoginTest_Chrome"/>
  <testcase name="createUser" time="50.893" classname="com.zaizi.automation.alfresco.testScripts.LoginTest_Chrome"/>
  <testcase name="loginANDlogout" time="23.179" classname="com.zaizi.automation.alfresco.testScripts.LoginTest_Chrome"/>
</testsuite> <!-- com.zaizi.automation.alfresco.testScripts.LoginTest_Chrome -->
