<?xml version="1.0" encoding="UTF-8"?>
<!-- Generated by org.testng.reporters.JUnitReportReporter -->
<testsuite hostname="mathuja.local" name="com.zaizi.automation.alfresco.testScripts.DocumentLibraryTest_Chrome" tests="3" failures="0" timestamp="2 Jun 2016 10:32:28 GMT" time="484.332" errors="0">
  <testcase name="deleteSite" time="137.355" classname="com.zaizi.automation.alfresco.testScripts.DocumentLibraryTest_Chrome"/>
  <testcase name="managePermission" time="218.134" classname="com.zaizi.automation.alfresco.testScripts.DocumentLibraryTest_Chrome"/>
  <testcase name="deleteDocument" time="128.843" classname="com.zaizi.automation.alfresco.testScripts.DocumentLibraryTest_Chrome"/>
</testsuite> <!-- com.zaizi.automation.alfresco.testScripts.DocumentLibraryTest_Chrome -->
