<?xml version="1.0" encoding="UTF-8"?>
<!-- Generated by org.testng.reporters.JUnitReportReporter -->
<testsuite hostname="mathuja.local" name="com.zaizi.automation.alfresco.testScripts.UserTest_FF" tests="3" failures="0" timestamp="6 Jun 2016 12:36:15 GMT" time="417.125" errors="0">
  <testcase name="deleteUser" time="163.867" classname="com.zaizi.automation.alfresco.testScripts.UserTest_FF"/>
  <testcase name="createUser" time="104.194" classname="com.zaizi.automation.alfresco.testScripts.UserTest_FF"/>
  <testcase name="EditUser" time="149.064" classname="com.zaizi.automation.alfresco.testScripts.UserTest_FF"/>
</testsuite> <!-- com.zaizi.automation.alfresco.testScripts.UserTest_FF -->
