<?xml version="1.0" encoding="UTF-8"?>
<!-- Generated by org.testng.reporters.JUnitReportReporter -->
<testsuite hostname="mathuja.local" name="com.zaizi.automation.alfresco.testScripts.SiteTest_Chrome" tests="4" failures="0" timestamp="6 Jun 2016 11:08:47 GMT" time="418.924" errors="0">
  <testcase name="createSite" time="92.759" classname="com.zaizi.automation.alfresco.testScripts.SiteTest_Chrome"/>
  <testcase name="deleteSite" time="108.023" classname="com.zaizi.automation.alfresco.testScripts.SiteTest_Chrome"/>
  <testcase name="createUser" time="108.321" classname="com.zaizi.automation.alfresco.testScripts.SiteTest_Chrome"/>
  <testcase name="editSite" time="109.821" classname="com.zaizi.automation.alfresco.testScripts.SiteTest_Chrome"/>
</testsuite> <!-- com.zaizi.automation.alfresco.testScripts.SiteTest_Chrome -->
