<?xml version="1.0" encoding="UTF-8"?>
<!-- Generated by org.testng.reporters.JUnitReportReporter -->
<testsuite hostname="mathuja.local" name="com.zaizi.automation.alfresco.testScripts.UserGroupTest_Chrome" tests="3" failures="0" timestamp="6 Jun 2016 12:25:47 GMT" time="188.301" errors="0">
  <testcase name="EditGroup" time="56.061" classname="com.zaizi.automation.alfresco.testScripts.UserGroupTest_Chrome"/>
  <testcase name="removeGroup" time="72.138" classname="com.zaizi.automation.alfresco.testScripts.UserGroupTest_Chrome"/>
  <testcase name="createGroup" time="60.102" classname="com.zaizi.automation.alfresco.testScripts.UserGroupTest_Chrome"/>
</testsuite> <!-- com.zaizi.automation.alfresco.testScripts.UserGroupTest_Chrome -->
