<?xml version="1.0" encoding="UTF-8"?>
<!-- Generated by org.testng.reporters.JUnitReportReporter -->
<testsuite hostname="mathuja.local" name="com.zaizi.automation.alfresco.testScripts.UserTest_IE" tests="3" failures="0" timestamp="6 Jun 2016 12:25:47 GMT" time="398.007" errors="0">
  <testcase name="EditUser" time="80.378" classname="com.zaizi.automation.alfresco.testScripts.UserTest_IE"/>
  <testcase name="deleteUser" time="148.877" classname="com.zaizi.automation.alfresco.testScripts.UserTest_IE"/>
  <testcase name="createUser" time="168.752" classname="com.zaizi.automation.alfresco.testScripts.UserTest_IE"/>
</testsuite> <!-- com.zaizi.automation.alfresco.testScripts.UserTest_IE -->
