<?xml version="1.0" encoding="UTF-8"?>
<!-- Generated by org.testng.reporters.JUnitReportReporter -->
<testsuite hostname="mathuja.local" name="com.zaizi.automation.alfresco.testScripts.UserTest_Chrome" tests="3" failures="0" timestamp="6 Jun 2016 12:25:47 GMT" time="342.516" errors="0">
  <testcase name="EditUser" time="111.170" classname="com.zaizi.automation.alfresco.testScripts.UserTest_Chrome"/>
  <testcase name="createUser" time="125.055" classname="com.zaizi.automation.alfresco.testScripts.UserTest_Chrome"/>
  <testcase name="deleteUser" time="106.291" classname="com.zaizi.automation.alfresco.testScripts.UserTest_Chrome"/>
</testsuite> <!-- com.zaizi.automation.alfresco.testScripts.UserTest_Chrome -->
